(---------------------------------------------------------------------)
(                                                                     )
(    NC DRILL Log                                                     )
(                                                                     )
(    Drawing          : CustomKeyboard.brd                            )
(    Software Version : 25.1P001                                      )
(    Date/Time        : Sun Feb  8 22:26:52 2026                      )
(                                                                     )
(---------------------------------------------------------------------)



 Processing NC Parameters file 'nc_param.txt' ...

 NC PARAMETERS
 -------------

 FORMAT   		2.5
 MACHINE-OFFSET		x:0.00000	y:0.00000   (inch)
 FEEDRATE		0
 COORDINATES		ABSOLUTE
 OUTPUT-UNITS		ENGLISH
 TOOL-ORDER		INCREASING
 REPEAT-CODES		YES
 SUPPRESS-LEAD-ZEROES	YES
 SUPPRESS-TRAIL-ZEROES	NO
 SUPPRESS-EQUAL		YES
 TOOL-SELECT		NO
 HEADER			none
 LEADER			12
 CODE			ASCII
 SEPARATE		NO
 SEPARATE-ROUTING	NO
 OPTIMIZE_DRILLING	YES
 ENHANCED_EXCELLON	YES
 SCALE			1.000000

 WARNING(SPMHMF-363): Units system is being switched when generating drill output file data.
 WARNING(SPMHMF-365): This design contains 4 slot holes that cannot be drilled.
 WARNING(SPMHMF-366): They can be processed by NC routing instead.


Drill files being output to directory 'C:/Users/lonewolf/Desktop/Custom Wireless Keyboard/Board' ...



     'CustomKeyboard-1-4.drl' created for holes connecting TOP and BOTTOM
     --------------------------------------------------------------------

           Num     Size      +/- Tolerance     Plating   Quantity

            1.   7.8740    0.0000/  0.0000      PLATED         59
            2.  12.0000    0.0000/  0.0000      PLATED         98
            3.  15.7480    0.0000/  0.0000      PLATED         16
            4.  31.5000    0.0000/  0.0000      PLATED          5
            5.  39.3701    0.0000/  0.0000      PLATED         16
            6.  40.1614    0.0000/  0.0000      PLATED          1
            7.  59.0000    0.0000/  0.0000      PLATED        190
            8.  98.0315    0.0000/  0.0000      PLATED          4
            9.  67.0000    0.0000/  0.0000  NON_PLATED        190
           10.  98.4291    0.0000/  0.0000  NON_PLATED          4
           11. 157.0000    0.0000/  0.0000  NON_PLATED         95

     ---- Total holes:                                        678

     ---- Total head travel:              36.26 feet (11.05 meters)

