(---------------------------------------------------------------------)
(                                                                     )
(    NC ROUTE Log                                                     )
(                                                                     )
(    Drawing          : #Taaaami12468.tmp                             )
(    Software Version : 25.1P001                                      )
(    Date/Time        : Sun Feb  8 22:26:55 2026                      )
(                                                                     )
(---------------------------------------------------------------------)



 Processing NC Parameters file 'nc_param.txt' ...

 NC PARAMETERS
 -------------

 FORMAT   		2.5
 MACHINE-OFFSET		x:0.00000	y:0.00000   (inch)
 FEEDRATE		0
 COORDINATES		ABSOLUTE
 OUTPUT-UNITS		ENGLISH
 TOOL-ORDER		INCREASING
 REPEAT-CODES		YES
 SUPPRESS-LEAD-ZEROES	YES
 SUPPRESS-TRAIL-ZEROES	NO
 SUPPRESS-EQUAL		YES
 TOOL-SELECT		NO
 HEADER			none
 LEADER			12
 CODE			ASCII
 SEPARATE		NO
 SEPARATE-ROUTING	NO
 OPTIMIZE_DRILLING	YES
 ENHANCED_EXCELLON	YES
 SCALE			1.000000


 WARNING(SPMHMF-326): Cannot find NC Route bit tool file 'ncroutebits.txt'
 WARNING(SPMHMF-327): ... will auto-generate bit tool file 'ncroutebits_auto.txt'.

 Auto-generating tool file 'ncroutebits_auto.txt' ...

     0.0236  T01       

-------------------------------------------------------------

 Pre_processing route path data ...

 WARNING(SPMHMF-296): No route path data was found for processing.


-------------------------------------------------------------

 Processing slot hole data ... TOP to BOTTOM 

 OVAL      slots routed: 4
 RECTANGLE slots routed: 0

-------------------------------------------------------------

 NC Route file 'CustomKeyboard_1-4.rou' created ...

-------------------------------------------------------------

 Program completed.

