(---------------------------------------------------------------------)
(                                                                     )
(    PLCTXT Log                                                       )
(                                                                     )
(    Drawing          : Untitled_4.brd                                )
(    Software Version : 25.1P001                                      )
(    Date/Time        : Sat Jan 31 16:51:16 2026                      )
(                                                                     )
(---------------------------------------------------------------------)



 Place by text file using: C:/Users/lonewolf/Desktop/Custom Wireless Keyboard/Board/place_txt.txt

 Save as C:/Users/lonewolf/Desktop/Custom Wireless Keyboard/Board/#Taaaagx10776.tmp 
DS1                  !    11.8100 !     4.0414 !        0 !        ! NHD-0216XZ-FSW-GBW               !                                 
S69                  !     8.4240 !     2.7500 !        0 !        ! MX-SERIES-SW-1-POLE              !                                 
S79                  !    10.3896 !     2.0000 !        0 !        ! MX-SERIES-SW-1-POLE              !                                 
S84                  !     9.9088 !     1.2500 !        0 !        ! MX-SERIES-SW-1-POLE              !                                 
S88                  !    14.4768 !     0.8750 !        0 !        ! MX-SERIES-SW-1-POLE              !                                 
S89                  !     8.9856 !     0.5000 !        0 !        ! MX-SERIES-SW-1-POLE              !                                 
S90                  !     9.9572 !     0.5000 !        0 !        ! MX-SERIES-SW-1-POLE              !                                 
S91                  !    10.7328 !     0.5000 !        0 !        ! MX-SERIES-SW-1-POLE              !                                 
S92                  !    10.8576 !     1.2500 !        0 !        ! MX-SERIES-SW-1-POLE              !                                 
S93                  !    11.4676 !     0.5000 !        0 !        ! MX-SERIES-SW-1-POLE              !                                 
S1                   !     0.5488 !     4.2500 !        0 !        ! MX-SERIES-SW-1-POLE              !                                 
S10                  !     7.2880 !     4.2500 !        0 !        ! MX-SERIES-SW-1-POLE              !                                 
S11                  !     0.5488 !     3.5000 !        0 !        ! MX-SERIES-SW-1-POLE              !                                 
S12                  !     1.2976 !     3.5000 !        0 !        ! MX-SERIES-SW-1-POLE              !                                 
S85                  !    12.2304 !     1.2500 !        0 !        ! MX-SERIES-SW-1-POLE              !                                 
S13                  !     2.0464 !     3.5000 !        0 !        ! MX-SERIES-SW-1-POLE              !                                 
S86                  !    12.9792 !     1.2500 !        0 !        ! MX-SERIES-SW-1-POLE              !                                 
S14                  !     2.7952 !     3.5000 !        0 !        ! MX-SERIES-SW-1-POLE              !                                 
S87                  !    13.7280 !     1.2500 !        0 !        ! MX-SERIES-SW-1-POLE              !                                 
S15                  !     3.5440 !     3.5000 !        0 !        ! MX-SERIES-SW-1-POLE              !                                 
S80                  !    12.2304 !     2.0000 !        0 !        ! MX-SERIES-SW-1-POLE              !                                 
S16                  !     4.2928 !     3.5000 !        0 !        ! MX-SERIES-SW-1-POLE              !                                 
S81                  !    12.9792 !     2.0000 !        0 !        ! MX-SERIES-SW-1-POLE              !                                 
S17                  !     5.0416 !     3.5000 !        0 !        ! MX-SERIES-SW-1-POLE              !                                 
S82                  !    13.7280 !     2.0000 !        0 !        ! MX-SERIES-SW-1-POLE              !                                 
S18                  !     5.7904 !     3.5000 !        0 !        ! MX-SERIES-SW-1-POLE              !                                 
S73                  !    12.2304 !     2.7500 !        0 !        ! MX-SERIES-SW-1-POLE              !                                 
S19                  !     6.5392 !     3.5000 !        0 !        ! MX-SERIES-SW-1-POLE              !                                 
S74                  !    12.9792 !     2.7500 !        0 !        ! MX-SERIES-SW-1-POLE              !                                 
S2                   !     1.2976 !     4.2500 !        0 !        ! MX-SERIES-SW-1-POLE              !                                 
S20                  !     7.2880 !     3.5000 !        0 !        ! MX-SERIES-SW-1-POLE              !                                 
S75                  !    13.7280 !     2.7500 !        0 !        ! MX-SERIES-SW-1-POLE              !                                 
S21                  !     0.7360 !     2.7500 !        0 !        ! MX-SERIES-SW-1-POLE              !                                 
S22                  !     1.6720 !     2.7500 !        0 !        ! MX-SERIES-SW-1-POLE              !                                 
S23                  !     2.4208 !     2.7500 !        0 !        ! MX-SERIES-SW-1-POLE              !                                 
S24                  !     3.1696 !     2.7500 !        0 !        ! MX-SERIES-SW-1-POLE              !                                 
S25                  !     3.9184 !     2.7500 !        0 !        ! MX-SERIES-SW-1-POLE              !                                 
S26                  !     4.6672 !     2.7500 !        0 !        ! MX-SERIES-SW-1-POLE              !                                 
S27                  !     5.4160 !     2.7500 !        0 !        ! MX-SERIES-SW-1-POLE              !                                 
S28                  !     6.1648 !     2.7500 !        0 !        ! MX-SERIES-SW-1-POLE              !                                 
S29                  !     6.9136 !     2.7500 !        0 !        ! MX-SERIES-SW-1-POLE              !                                 
S3                   !     2.0464 !     4.2500 !        0 !        ! MX-SERIES-SW-1-POLE              !                                 
S30                  !     7.6624 !     2.7500 !        0 !        ! MX-SERIES-SW-1-POLE              !                                 
S31                  !     0.8296 !     2.0000 !        0 !        ! MX-SERIES-SW-1-POLE              !                                 
S32                  !     1.8592 !     2.0000 !        0 !        ! MX-SERIES-SW-1-POLE              !                                 
S33                  !     2.6080 !     2.0000 !        0 !        ! MX-SERIES-SW-1-POLE              !                                 
S34                  !     3.3568 !     2.0000 !        0 !        ! MX-SERIES-SW-1-POLE              !                                 
S35                  !     4.1056 !     2.0000 !        0 !        ! MX-SERIES-SW-1-POLE              !                                 
S36                  !     4.8544 !     2.0000 !        0 !        ! MX-SERIES-SW-1-POLE              !                                 
S37                  !     5.6032 !     2.0000 !        0 !        ! MX-SERIES-SW-1-POLE              !                                 
S38                  !     6.3520 !     2.0000 !        0 !        ! MX-SERIES-SW-1-POLE              !                                 
S39                  !     7.1008 !     2.0000 !        0 !        ! MX-SERIES-SW-1-POLE              !                                 
S4                   !     2.7952 !     4.2500 !        0 !        ! MX-SERIES-SW-1-POLE              !                                 
S40                  !     7.8496 !     2.0000 !        0 !        ! MX-SERIES-SW-1-POLE              !                                 
S41                  !     1.0168 !     1.2500 !        0 !        ! MX-SERIES-SW-1-POLE              !                                 
S42                  !     2.2336 !     1.2500 !        0 !        ! MX-SERIES-SW-1-POLE              !                                 
S43                  !     2.9824 !     1.2500 !        0 !        ! MX-SERIES-SW-1-POLE              !                                 
S44                  !     3.7312 !     1.2500 !        0 !        ! MX-SERIES-SW-1-POLE              !                                 
S45                  !     4.4800 !     1.2500 !        0 !        ! MX-SERIES-SW-1-POLE              !                                 
S46                  !     5.2288 !     1.2500 !        0 !        ! MX-SERIES-SW-1-POLE              !                                 
S47                  !     5.9776 !     1.2500 !        0 !        ! MX-SERIES-SW-1-POLE              !                                 
S48                  !     6.7264 !     1.2500 !        0 !        ! MX-SERIES-SW-1-POLE              !                                 
S49                  !     7.4752 !     1.2500 !        0 !        ! MX-SERIES-SW-1-POLE              !                                 
S5                   !     3.5440 !     4.2500 !        0 !        ! MX-SERIES-SW-1-POLE              !                                 
S50                  !     8.2240 !     1.2500 !        0 !        ! MX-SERIES-SW-1-POLE              !                                 
S51                  !     0.5496 !     0.5000 !        0 !        ! MX-SERIES-SW-1-POLE              !                                 
S52                  !     1.2976 !     0.5000 !        0 !        ! MX-SERIES-SW-1-POLE              !                                 
S53                  !     2.0464 !     0.5000 !        0 !        ! MX-SERIES-SW-1-POLE              !                                 
S54                  !     2.7952 !     0.5000 !        0 !        ! MX-SERIES-SW-1-POLE              !                                 
S55                  !     5.5096 !     0.5000 !        0 !        ! MX-SERIES-SW-1-POLE              !                                 
S56                  !     8.2240 !     0.5000 !        0 !        ! MX-SERIES-SW-1-POLE              !                                 
S57                  !     8.0368 !     4.2500 !        0 !        ! MX-SERIES-SW-1-POLE              !                                 
S58                  !     8.7856 !     4.2500 !        0 !        ! MX-SERIES-SW-1-POLE              !                                 
S59                  !     9.5344 !     4.2500 !        0 !        ! MX-SERIES-SW-1-POLE              !                                 
S6                   !     4.2928 !     4.2500 !        0 !        ! MX-SERIES-SW-1-POLE              !                                 
S60                  !    10.4704 !     4.2500 !        0 !        ! MX-SERIES-SW-1-POLE              !                                 
S61                  !     8.0368 !     3.5000 !        0 !        ! MX-SERIES-SW-1-POLE              !                                 
S94                  !    12.6048 !     0.5000 !        0 !        ! MX-SERIES-SW-1-POLE              !                                 
S62                  !     8.7856 !     3.5000 !        0 !        ! MX-SERIES-SW-1-POLE              !                                 
S68                  !    14.4768 !     3.5000 !        0 !        ! MX-SERIES-SW-1-POLE              !                                 
S63                  !     9.5344 !     3.5000 !        0 !        ! MX-SERIES-SW-1-POLE              !                                 
S64                  !    10.4704 !     3.5000 !        0 !        ! MX-SERIES-SW-1-POLE              !                                 
S65                  !    12.2304 !     3.5000 !        0 !        ! MX-SERIES-SW-1-POLE              !                                 
S66                  !    12.9792 !     3.5000 !        0 !        ! MX-SERIES-SW-1-POLE              !                                 
S67                  !    13.7280 !     3.5000 !        0 !        ! MX-SERIES-SW-1-POLE              !                                 
S7                   !     5.0416 !     4.2500 !        0 !        ! MX-SERIES-SW-1-POLE              !                                 
S70                  !     9.1600 !     2.7500 !        0 !        ! MX-SERIES-SW-1-POLE              !                                 
S71                  !     9.9088 !     2.7500 !        0 !        ! MX-SERIES-SW-1-POLE              !                                 
S72                  !    10.6576 !     2.7500 !        0 !        ! MX-SERIES-SW-1-POLE              !                                 
S76                  !    14.4768 !     2.3750 !        0 !        ! MX-SERIES-SW-1-POLE              !                                 
S77                  !     8.5984 !     2.0000 !        0 !        ! MX-SERIES-SW-1-POLE              !                                 
S78                  !     9.3472 !     2.0000 !        0 !        ! MX-SERIES-SW-1-POLE              !                                 
S8                   !     5.7904 !     4.2500 !        0 !        ! MX-SERIES-SW-1-POLE              !                                 
S83                  !     8.9728 !     1.2500 !        0 !        ! MX-SERIES-SW-1-POLE              !                                 
S9                   !     6.5392 !     4.2500 !        0 !        ! MX-SERIES-SW-1-POLE              !                                 
S95                  !    13.7280 !     0.5000 !        0 !        ! MX-SERIES-SW-1-POLE              !                                 
C2                   !    14.7264 !     4.9375 !      180 !        ! CAPC17595_90N_KEM-L              !                                 
C1                   !    14.7823 !     4.4375 !      180 !        ! CAPC17595_90N_KEM-L              !                                 
C9                   !     3.8404 !     5.0621 !        0 !        ! CAPC6333_33N_KEM-L               !                                 
C13                  !     6.7441 !     5.0620 !        0 !        ! CAPC6333_33N_KEM-L               !                                 
C14                  !     7.2317 !     5.0620 !        0 !        ! CAPC6333_33N_KEM-L               !                                 
C12                  !     5.9981 !     5.0621 !        0 !        ! CAPC6333_33N_KEM-L               !                                 
C16                  !     8.3093 !     5.0625 !        0 !        ! CAPC6333_33N_KEM-L               !                                 
C17                  !     8.7887 !     5.0625 !        0 !        ! CAPC6333_33N_KEM-L               !                                 
C15                  !     7.8427 !     5.0621 !        0 !        ! CAPC6333_33N_KEM-L               !                                 
C18                  !     9.2877 !     5.0620 !        0 !        ! CAPC6333_33N_KEM-L               !                                 
C19                  !     9.7554 !     5.0620 !        0 !        ! CAPC6333_33N_KEM-L               !                                 
C3                   !    14.4118 !     4.8625 !        0 !        ! CAPC6333_33N_KEM-L               !                                 
C4                   !     0.2601 !     5.0620 !      180 !        ! CAPC6333_33N_KEM-L               !                                 
C5                   !     0.8321 !     5.0317 !        0 !        ! CAPC6333_33N_KEM-L               !                                 
C6                   !     1.5427 !     5.0620 !        0 !        ! CAPC6333_33N_KEM-L               !                                 
C7                   !     2.2478 !     5.0317 !        0 !        ! CAPC6333_33N_KEM-L               !                                 
C8                   !     3.1246 !     5.0317 !        0 !        ! CAPC6333_33N_KEM-L               !                                 
C10                  !     4.4735 !     5.0620 !        0 !        ! CAPC6333_33N_KEM-L               !                                 
C11                  !     5.2323 !     5.0620 !        0 !        ! CAPC6333_33N_KEM-L               !                                 
C20                  !    11.5691 !     4.5625 !        0 !      m ! SMDCAP                           !                                 
C21                  !    10.2904 !     4.5100 !        0 !      m ! SMDCAP                           !                                 
C22                  !    10.5147 !     4.9474 !       90 !      m ! CAPC6333_33N_KEM-L               !                                 
C23                  !    10.3766 !     4.7882 !       90 !      m ! CAPC17595_90N_KEM-L              !                                 
C24                  !     9.8347 !     5.2500 !      180 !      m ! CAPC17595_90N_KEM-L              !                                 
C25                  !    10.4523 !     4.7878 !       90 !      m ! CAPC17595_90N_KEM-L              !                                 
C26                  !    11.1845 !     4.7016 !        0 !      m ! CAPC17595_90N_KEM-L              !                                 
D8                   !     5.8291 !     4.6250 !        0 !        ! SODFL3816X120N                   !                                 
D9                   !     6.5392 !     4.6250 !        0 !        ! SODFL3816X120N                   !                                 
D10                  !     7.2880 !     4.6250 !        0 !        ! SODFL3816X120N                   !                                 
D11                  !     0.5640 !     3.8684 !        0 !        ! SODFL3816X120N                   !                                 
D12                  !     1.3363 !     3.8750 !        0 !        ! SODFL3816X120N                   !                                 
D13                  !     1.9787 !     3.8750 !        0 !        ! SODFL3816X120N                   !                                 
D14                  !     2.8575 !     3.8751 !        0 !        ! SODFL3816X120N                   !                                 
D15                  !     3.4763 !     3.8750 !        0 !        ! SODFL3816X120N                   !                                 
D16                  !     4.2251 !     3.8750 !        0 !        ! SODFL3816X120N                   !                                 
D17                  !     4.9739 !     3.8750 !        0 !        ! SODFL3816X120N                   !                                 
D18                  !     5.7227 !     3.8750 !        0 !        ! SODFL3816X120N                   !                                 
D19                  !     6.4584 !     3.8750 !        0 !        ! SODFL3816X120N                   !                                 
D20                  !     7.2880 !     3.8750 !        0 !        ! SODFL3816X120N                   !                                 
D21                  !     0.6683 !     3.1250 !        0 !        ! SODFL3816X120N                   !                                 
D22                  !     1.6049 !     3.1250 !        0 !        ! SODFL3816X120N                   !                                 
D23                  !     2.3525 !     3.1250 !        0 !        ! SODFL3816X120N                   !                                 
D24                  !     3.1771 !     3.1250 !        0 !        ! SODFL3816X120N                   !                                 
D25                  !     3.8947 !     3.1250 !        0 !        ! SODFL3816X120N                   !                                 
D26                  !     4.6001 !     3.1250 !        0 !        ! SODFL3816X120N                   !                                 
D27                  !     5.3489 !     3.1250 !        0 !        ! SODFL3816X120N                   !                                 
D1                   !     0.4811 !     4.6250 !        0 !        ! SODFL3816X120N                   !                                 
D28                  !     6.1642 !     3.1250 !        0 !        ! SODFL3816X120N                   !                                 
D29                  !     6.8465 !     3.1250 !        0 !        ! SODFL3816X120N                   !                                 
D30                  !     7.6630 !     3.1250 !        0 !        ! SODFL3816X120N                   !                                 
D31                  !     0.7619 !     2.3750 !        0 !        ! SODFL3816X120N                   !                                 
D32                  !     1.7915 !     2.3750 !        0 !        ! SODFL3816X120N                   !                                 
D33                  !     2.5403 !     2.3750 !        0 !        ! SODFL3816X120N                   !                                 
D34                  !     3.2891 !     2.3750 !        0 !        ! SODFL3816X120N                   !                                 
D35                  !     4.0379 !     2.3750 !        0 !        ! SODFL3816X120N                   !                                 
D36                  !     4.7867 !     2.3750 !        0 !        ! SODFL3816X120N                   !                                 
D37                  !     5.5795 !     2.3750 !        0 !        ! SODFL3816X120N                   !                                 
D2                   !     1.2739 !     4.6250 !        0 !        ! SODFL3816X120N                   !                                 
D38                  !     6.2876 !     2.3749 !        0 !        ! SODFL3816X120N                   !                                 
D39                  !     6.9888 !     2.3750 !        0 !        ! SODFL3816X120N                   !                                 
D40                  !     7.8677 !     2.3750 !        0 !        ! SODFL3816X120N                   !                                 
D41                  !     0.8683 !     1.6250 !        0 !        ! SODFL3816X120N                   !                                 
D42                  !     2.1653 !     1.6250 !        0 !        ! SODFL3816X120N                   !                                 
D43                  !     2.9153 !     1.6250 !        0 !        ! SODFL3816X120N                   !                                 
D44                  !     3.6641 !     1.6250 !        0 !        ! SODFL3816X120N                   !                                 
D45                  !     4.4129 !     1.6250 !        0 !        ! SODFL3816X120N                   !                                 
D46                  !     5.1617 !     1.6250 !        0 !        ! SODFL3816X120N                   !                                 
D47                  !     5.8968 !     1.6250 !        0 !        ! SODFL3816X120N                   !                                 
D3                   !     2.0539 !     4.6250 !        0 !        ! SODFL3816X120N                   !                                 
D48                  !     6.6768 !     1.6250 !        0 !        ! SODFL3816X120N                   !                                 
D49                  !     7.4933 !     1.6250 !        0 !        ! SODFL3816X120N                   !                                 
D50                  !     8.2234 !     1.6250 !        0 !        ! SODFL3816X120N                   !                                 
D51                  !     0.4680 !     0.8750 !        0 !        ! SODFL3816X120N                   !                                 
D52                  !     1.2299 !     0.8750 !        0 !        ! SODFL3816X120N                   !                                 
D53                  !     2.1216 !     0.8750 !        0 !        ! SODFL3816X120N                   !                                 
D54                  !     2.8027 !     0.8750 !        0 !        ! SODFL3816X120N                   !                                 
D55                  !     5.4419 !     0.8750 !        0 !        ! SODFL3816X120N                   !                                 
D56                  !     8.1563 !     0.8750 !        0 !        ! SODFL3816X120N                   !                                 
D57                  !     7.9691 !     4.6250 !        0 !        ! SODFL3816X120N                   !                                 
D4                   !     2.8027 !     4.6250 !        0 !        ! SODFL3816X120N                   !                                 
D58                  !     8.8533 !     4.6250 !        0 !        ! SODFL3816X120N                   !                                 
D59                  !     9.4667 !     4.6250 !        0 !        ! SODFL3816X120N                   !                                 
D60                  !    10.4885 !     4.6250 !        0 !        ! SODFL3816X120N                   !                                 
D61                  !     8.0368 !     3.8750 !        0 !        ! SODFL3816X120N                   !                                 
D62                  !     8.8555 !     3.8750 !        0 !        ! SODFL3816X120N                   !                                 
D63                  !     9.6021 !     3.8750 !        0 !        ! SODFL3816X120N                   !                                 
D64                  !    10.5091 !     3.8750 !        0 !        ! SODFL3816X120N                   !                                 
D65                  !    12.2651 !     3.8750 !        0 !        ! SODFL3816X120N                   !                                 
D66                  !    12.9480 !     3.8750 !        0 !        ! SODFL3816X120N                   !                                 
D5                   !     3.4763 !     4.6250 !        0 !        ! SODFL3816X120N                   !                                 
D67                  !    13.7280 !     3.8750 !        0 !        ! SODFL3816X120N                   !                                 
D68                  !    14.5027 !     3.8750 !        0 !        ! SODFL3816X120N                   !                                 
D69                  !     8.3669 !     3.1250 !        0 !        ! SODFL3816X120N                   !                                 
D70                  !     9.0929 !     3.1250 !        0 !        ! SODFL3816X120N                   !                                 
D71                  !     9.9094 !     3.1250 !        0 !        ! SODFL3816X120N                   !                                 
D72                  !    10.7253 !     3.1250 !        0 !        ! SODFL3816X120N                   !                                 
D73                  !    12.1153 !     3.1250 !        0 !        ! SODFL3816X120N                   !                                 
D74                  !    12.9792 !     3.1250 !        0 !        ! SODFL3816X120N                   !                                 
D75                  !    13.7227 !     3.1250 !        0 !        ! SODFL3816X120N                   !                                 
D76                  !    14.5339 !     3.1250 !        0 !        ! SODFL3816X120N                   !                                 
D6                   !     4.2691 !     4.6250 !        0 !        ! SODFL3816X120N                   !                                 
D77                  !     8.5984 !     2.3750 !        0 !        ! SODFL3816X120N                   !                                 
D78                  !     9.2795 !     2.3750 !        0 !        ! SODFL3816X120N                   !                                 
D79                  !    10.4155 !     2.3750 !        0 !        ! SODFL3816X120N                   !                                 
D80                  !    12.1627 !     2.3750 !        0 !        ! SODFL3816X120N                   !                                 
D81                  !    12.9792 !     2.3750 !        0 !        ! SODFL3816X120N                   !                                 
D82                  !    13.7280 !     2.3750 !        0 !        ! SODFL3816X120N                   !                                 
D83                  !     8.9803 !     1.6250 !        0 !        ! SODFL3816X120N                   !                                 
D84                  !     9.8411 !     1.6250 !        0 !        ! SODFL3816X120N                   !                                 
D85                  !    12.2807 !     1.6250 !        0 !        ! SODFL3816X120N                   !                                 
D86                  !    12.9792 !     1.6250 !        0 !        ! SODFL3816X120N                   !                                 
D7                   !     4.9739 !     4.6250 !        0 !        ! SODFL3816X120N                   !                                 
D87                  !    13.7227 !     1.6250 !        0 !        ! SODFL3816X120N                   !                                 
D88                  !    14.5651 !     1.6250 !        0 !        ! SODFL3816X120N                   !                                 
D89                  !     8.9179 !     0.8750 !        0 !        ! SODFL3816X120N                   !                                 
D90                  !     9.8895 !     0.8750 !        0 !        ! SODFL3816X120N                   !                                 
D91                  !    10.6651 !     0.8750 !        0 !        ! SODFL3816X120N                   !                                 
D92                  !    10.7899 !     1.6250 !        0 !        ! SODFL3816X120N                   !                                 
D93                  !    11.4706 !     0.8750 !        0 !        ! SODFL3816X120N                   !                                 
D94                  !    12.5424 !     0.8750 !        0 !        ! SODFL3816X120N                   !                                 
D95                  !    13.7539 !     0.8750 !        0 !        ! SODFL3816X120N                   !                                 
D97                  !    11.2323 !     4.5300 !       90 !      m ! LED_SML-D12U1WT86                !                                 
D98                  !    11.2632 !     4.1875 !      180 !      m ! WL-SMCW_0603                     !                                 
D96                  !    14.3836 !     5.1475 !       90 !        ! SODFL2512X73N                    !                                 
IC1                  !    14.7967 !     4.6988 !       90 !        ! ISP1807LRRS                      !                                 
IC2                  !    10.6150 !     4.8398 !        0 !      m ! SOT95P190X145-6N                 !                                 
J1                   !     9.6528 !     5.3750 !        0 !        ! SMC1051GT                        !                                 
J2                   !    14.4772 !     5.4375 !      180 !        ! GCT_USB4085-GF-A_REVB            !                                 
J3                   !    10.4652 !     5.2502 !      180 !      m ! CONN_1778764                     !                                 
J4                   !     8.9547 !     5.4333 !        0 !      m ! SAMTEC_MTLW-101-07-G-S-280       !                                 
LED1                 !     0.5029 !     5.0317 !        0 !        ! XL-5050RGBC_XLG-L                !                                 
LED10                !     6.9868 !     5.0317 !        0 !        ! XL-5050RGBC_XLG-L                !                                 
LED11                !     7.4745 !     5.0317 !        0 !        ! XL-5050RGBC_XLG-L                !                                 
LED12                !     8.0827 !     5.0317 !        0 !        ! XL-5050RGBC_XLG-L                !                                 
LED13                !     8.4970 !     5.0317 !        0 !        ! XL-5050RGBC_XLG-L                !                                 
LED14                !     8.9721 !     5.0317 !        0 !        ! XL-5050RGBC_XLG-L                !                                 
LED15                !     9.4885 !     5.0317 !        0 !        ! XL-5050RGBC_XLG-L                !                                 
LED16                !     9.9579 !     5.0317 !        0 !        ! XL-5050RGBC_XLG-L                !                                 
LED2                 !     1.0054 !     5.0317 !        0 !        ! XL-5050RGBC_XLG-L                !                                 
LED3                 !     1.7854 !     5.0317 !        0 !        ! XL-5050RGBC_XLG-L                !                                 
LED4                 !     2.4906 !     5.0317 !        0 !        ! XL-5050RGBC_XLG-L                !                                 
LED5                 !     3.3575 !     5.0317 !        0 !        ! XL-5050RGBC_XLG-L                !                                 
LED6                 !     4.0803 !     5.0317 !        0 !        ! XL-5050RGBC_XLG-L                !                                 
LED7                 !     4.7163 !     5.0317 !        0 !        ! XL-5050RGBC_XLG-L                !                                 
LED8                 !     5.4651 !     5.0317 !        0 !        ! XL-5050RGBC_XLG-L                !                                 
LED9                 !     6.2380 !     5.0317 !        0 !        ! XL-5050RGBC_XLG-L                !                                 
M1                   !    14.8824 !     0.2000 !        0 !        ! MNT_2P5MM                        !                                 
M2                   !     7.9248 !     5.3664 !        0 !        ! MNT_2P5MM                        !                                 
M3                   !     7.1136 !     0.1875 !        0 !        ! MNT_2P5MM                        !                                 
M4                   !     0.1601 !     5.3748 !        0 !        ! MNT_2P5MM                        !                                 
Q1                   !    14.1336 !     4.6250 !        0 !        ! SOT95P230X110-3N                 !                                 
Q2                   !    13.5408 !     4.9375 !        0 !        ! SOT95P230X110-3N                 !                                 
Q3                   !    10.8579 !     5.0000 !      180 !      m ! SOP65P640X120-8N                 !                                 
R1                   !    12.1683 !     5.0000 !      270 !        ! TRIM_3361S-1-103GLF              !                                 
R10                  !    14.2220 !     5.2451 !      270 !        ! RESC1508X50N                     !                                 
R7                   !    14.7268 !     5.2199 !      270 !        ! RESC1508X50N                     !                                 
R11                  !    11.1310 !     4.5372 !       90 !      m ! RESC1608X55N                     !                                 
R17                  !    11.2083 !     4.2689 !        0 !      m ! RESC1608X55N                     !                                 
R12                  !    11.6684 !     4.0747 !      180 !      m ! RESC1608X55N                     !                                 
R13                  !    11.6072 !     4.1875 !        0 !      m ! RESC1608X55N                     !                                 
R15                  !    10.8579 !     4.5625 !      180 !      m ! RESC1608X55N                     !                                 
R16                  !    11.0763 !     4.2500 !      180 !      m ! RESC1608X55N                     !                                 
R14                  !    10.8262 !     4.6250 !        0 !      m ! RESC1508X55N                     !                                 
R2                   !    14.5080 !     4.8750 !      270 !        ! RESC1508X50N                     !                                 
R3                   !    14.4144 !     4.7801 !      270 !        ! RESC1508X50N                     !                                 
R4                   !    14.5080 !     4.5926 !      270 !        ! RESC1508X50N                     !                                 
R5                   !    13.4773 !     4.5625 !        0 !        ! RESC1508X50N                     !                                 
R6                   !     0.3253 !     4.9804 !      270 !        ! RESC1508X50N                     !                                 
R8                   !    10.7563 !     4.8625 !        0 !      m ! RESC1608X55N                     !                                 
R9                   !    10.4230 !     4.8829 !        0 !      m ! RESC1608X55N                     !                                 
U1                   !    13.0416 !     4.9375 !        0 !        ! SOIC127P1030X265-16N             !                                 
U2                   !    11.4201 !     4.3501 !        0 !      m ! SOP127P600X175-9N                !                                 
U3                   !    11.7096 !     4.3357 !        0 !      m ! SOT323-5L_1P35X2P2X0P65_STM      !                                 
VR1                  !    10.7955 !     4.7500 !       90 !      m ! VREG_TLV75533PDRVR               !                                 

 Successfully placed 270 components
